<?xml version="1.0" encoding="UTF-8"?>
<!-- Generated by org.testng.reporters.JUnitReportReporter -->
<testsuite hostname="DESKTOP-CI5MA9K" failures="0" tests="5" name="testngpack.broswer" time="24.481" errors="0" timestamp="2025-05-28T10:41:45 IST" skipped="0">
  <testcase classname="testngpack.broswer" name="Login" time="5.070"/>
  <system-out/>
  <testcase classname="testngpack.broswer" name="CreateEvent" time="10.368"/>
  <system-out/>
  <testcase classname="testngpack.broswer" name="ViewEvents" time="2.554"/>
  <system-out/>
  <testcase classname="testngpack.broswer" name="UpcomingEvents" time="2.320"/>
  <system-out/>
  <testcase classname="testngpack.broswer" name="LogOut" time="4.169"/>
  <system-out/>
</testsuite> <!-- testngpack.broswer -->
