<?xml version="1.0" encoding="UTF-8"?>
<!-- Generated by org.testng.reporters.JUnitReportReporter -->
<testsuite hostname="DESKTOP-CI5MA9K" failures="0" tests="5" name="testngpack.broswer" time="25.200" errors="0" timestamp="2025-06-02T12:14:07 IST" skipped="0">
  <testcase classname="testngpack.broswer" name="Login" time="5.288"/>
  <system-out/>
  <testcase classname="testngpack.broswer" name="CreateEvent" time="10.071"/>
  <system-out/>
  <testcase classname="testngpack.broswer" name="ViewEvents" time="3.222"/>
  <system-out/>
  <testcase classname="testngpack.broswer" name="UpcomingEvents" time="2.410"/>
  <system-out/>
  <testcase classname="testngpack.broswer" name="LogOut" time="4.209"/>
  <system-out/>
</testsuite> <!-- testngpack.broswer -->
